<?xml version="1.0" encoding="UTF-8"?>
<testsuites name="check_out_run" time="23.917" tests="1" failures="0" errors="0">
   <testsuite name="check_out_run" tests="1" failures="0" errors="0" time="23.917" skipped="0" timestamp="2023-05-29 16:48:22" hostname="hp - LAPTOP-76LE1MSO" id="Test Suites/check_out_run">
      <properties>
         <property name="deviceName" value=""/>
         <property name="devicePlatform" value=""/>
         <property name="logFolder" value="D:\\Dian\\Katalon_Automation\\Reports\\20230529_164812\\check_out_run\\20230529_164812"/>
         <property name="logFiles" value="D:\\Dian\\Katalon_Automation\\Reports\\20230529_164812\\check_out_run\\20230529_164812\\execution0.log"/>
         <property name="attachments" value=""/>
         <property name="hostName" value="hp - LAPTOP-76LE1MSO"/>
         <property name="os" value="Windows 10 64bit"/>
         <property name="katalonVersion" value="8.5.5.208"/>
         <property name="browser" value="Chrome 113.0.0.0"/>
         <property name="hostAddress" value="192.168.1.5"/>
         <property name="sessionId" value="788c682445fe6a9961d7641bbe20bfae"/>
         <property name="seleniumVersion" value="3.141.59"/>
         <property name="proxyInformation" value="ProxyInformation { proxyOption=NO_PROXY, proxyServerType=HTTP, username=, password=********, proxyServerAddress=, proxyServerPort=0, executionList=&quot;&quot;, isApplyToDesiredCapabilities=true }"/>
         <property name="platform" value="Windows 10"/>
      </properties>
      <testcase name="Test Cases/check_out" time="23.52" classname="Test Cases/check_out" status="PASSED">
         <system-out><![CDATA[2023-05-29 16:48:22 - [TEST_CASE][PASSED] - Test Cases/check_out: Test Cases/check_out

2023-05-29 16:48:23 - [TEST_STEP][PASSED] - openBrowser(""): Browser is opened with url: ''

2023-05-29 16:48:24 - [MESSAGE][INFO] - Starting 'Chrome' driver

2023-05-29 16:48:24 - [MESSAGE][INFO] - Action delay is set to 0 milliseconds

2023-05-29 16:48:30 - [MESSAGE][PASSED] - Browser is opened with url: ''

2023-05-29 16:48:30 - [TEST_STEP][PASSED] - navigateToUrl("https://www.saucedemo.com/"): Navigate to 'https://www.saucedemo.com/' successfully

2023-05-29 16:48:31 - [MESSAGE][PASSED] - Navigate to 'https://www.saucedemo.com/' successfully

2023-05-29 16:48:31 - [TEST_STEP][PASSED] - setText(findTestObject("Object Repository/Page_Swag Labs/input_Swag Labs_user-name"), user_name): Text 'standard_user' is set on object 'Object Repository/Page_Swag Labs/input_Swag Labs_user-name'

2023-05-29 16:48:32 - [MESSAGE][PASSED] - Text 'standard_user' is set on object 'Object Repository/Page_Swag Labs/input_Swag Labs_user-name'

2023-05-29 16:48:32 - [TEST_STEP][PASSED] - setText(findTestObject("Page_Swag Labs/input_Swag Labs_password"), password): Text 'secret_sauce' is set on object 'Object Repository/Page_Swag Labs/input_Swag Labs_password'

2023-05-29 16:48:33 - [MESSAGE][PASSED] - Text 'secret_sauce' is set on object 'Object Repository/Page_Swag Labs/input_Swag Labs_password'

2023-05-29 16:48:33 - [TEST_STEP][PASSED] - click(findTestObject("Object Repository/Page_Swag Labs/input_Swag Labs_login-button")): Object: 'Object Repository/Page_Swag Labs/input_Swag Labs_login-button' is clicked on

2023-05-29 16:48:33 - [MESSAGE][PASSED] - Object: 'Object Repository/Page_Swag Labs/input_Swag Labs_login-button' is clicked on

2023-05-29 16:48:33 - [TEST_STEP][PASSED] - actualValue = getText(findTestObject("Object Repository/Page_Swag Labs/div_29.99")): Text of object 'Object Repository/Page_Swag Labs/div_29.99' is: '$29.99'

2023-05-29 16:48:34 - [MESSAGE][PASSED] - Text of object 'Object Repository/Page_Swag Labs/div_29.99' is: '$29.99'

2023-05-29 16:48:34 - [TEST_STEP][PASSED] - println(actualValue): null

2023-05-29 16:48:34 - [TEST_STEP][PASSED] - click(findTestObject("Object Repository/Page_Swag Labs/button_Add to cart")): Object: 'Object Repository/Page_Swag Labs/button_Add to cart' is clicked on

2023-05-29 16:48:34 - [MESSAGE][PASSED] - Object: 'Object Repository/Page_Swag Labs/button_Add to cart' is clicked on

2023-05-29 16:48:35 - [TEST_STEP][PASSED] - click(findTestObject("Object Repository/Page_Swag Labs/button_Remove")): Object: 'Object Repository/Page_Swag Labs/button_Remove' is clicked on

2023-05-29 16:48:35 - [MESSAGE][PASSED] - Object: 'Object Repository/Page_Swag Labs/button_Remove' is clicked on

2023-05-29 16:48:35 - [TEST_STEP][PASSED] - click(findTestObject("Object Repository/Page_Swag Labs/button_Add to cart")): Object: 'Object Repository/Page_Swag Labs/button_Add to cart' is clicked on

2023-05-29 16:48:36 - [MESSAGE][PASSED] - Object: 'Object Repository/Page_Swag Labs/button_Add to cart' is clicked on

2023-05-29 16:48:36 - [TEST_STEP][PASSED] - click(findTestObject("Object Repository/Page_Swag Labs/a_1")): Object: 'Object Repository/Page_Swag Labs/a_1' is clicked on

2023-05-29 16:48:36 - [MESSAGE][PASSED] - Object: 'Object Repository/Page_Swag Labs/a_1' is clicked on

2023-05-29 16:48:36 - [TEST_STEP][PASSED] - click(findTestObject("Object Repository/Page_Swag Labs/button_Checkout")): Object: 'Object Repository/Page_Swag Labs/button_Checkout' is clicked on

2023-05-29 16:48:37 - [MESSAGE][PASSED] - Object: 'Object Repository/Page_Swag Labs/button_Checkout' is clicked on

2023-05-29 16:48:37 - [TEST_STEP][PASSED] - setText(findTestObject("Object Repository/Page_Swag Labs/input_Checkout Your Information_firstName"), "sauce"): Text 'sauce' is set on object 'Object Repository/Page_Swag Labs/input_Checkout Your Information_firstName'

2023-05-29 16:48:38 - [MESSAGE][PASSED] - Text 'sauce' is set on object 'Object Repository/Page_Swag Labs/input_Checkout Your Information_firstName'

2023-05-29 16:48:38 - [TEST_STEP][PASSED] - setText(findTestObject("Object Repository/Page_Swag Labs/input_Checkout Your Information_lastName"), "sauce2"): Text 'sauce2' is set on object 'Object Repository/Page_Swag Labs/input_Checkout Your Information_lastName'

2023-05-29 16:48:39 - [MESSAGE][PASSED] - Text 'sauce2' is set on object 'Object Repository/Page_Swag Labs/input_Checkout Your Information_lastName'

2023-05-29 16:48:39 - [TEST_STEP][PASSED] - setText(findTestObject("Object Repository/Page_Swag Labs/input_Checkout Your Information_postalCode"), "12345"): Text '12345' is set on object 'Object Repository/Page_Swag Labs/input_Checkout Your Information_postalCode'

2023-05-29 16:48:40 - [MESSAGE][PASSED] - Text '12345' is set on object 'Object Repository/Page_Swag Labs/input_Checkout Your Information_postalCode'

2023-05-29 16:48:40 - [TEST_STEP][PASSED] - click(findTestObject("Object Repository/Page_Swag Labs/input_Cancel_continue")): Object: 'Object Repository/Page_Swag Labs/input_Cancel_continue' is clicked on

2023-05-29 16:48:40 - [MESSAGE][PASSED] - Object: 'Object Repository/Page_Swag Labs/input_Cancel_continue' is clicked on

2023-05-29 16:48:40 - [TEST_STEP][PASSED] - expectedvalue1 = getText(findTestObject("Object Repository/Page_Swag Labs/div_29.99")): Text of object 'Object Repository/Page_Swag Labs/div_29.99' is: '$29.99'

2023-05-29 16:48:41 - [MESSAGE][PASSED] - Text of object 'Object Repository/Page_Swag Labs/div_29.99' is: '$29.99'

2023-05-29 16:48:41 - [TEST_STEP][PASSED] - println(expectedvalue1): null

2023-05-29 16:48:41 - [TEST_STEP][PASSED] - expectedvalue2 = getText(findTestObject("Object Repository/Page_Swag Labs/div_Total 32.39")): Text of object 'Object Repository/Page_Swag Labs/div_Total 32.39' is: 'Total: $32.39'

2023-05-29 16:48:41 - [MESSAGE][PASSED] - Text of object 'Object Repository/Page_Swag Labs/div_Total 32.39' is: 'Total: $32.39'

2023-05-29 16:48:41 - [TEST_STEP][PASSED] - println(expectedvalue2): null

2023-05-29 16:48:41 - [TEST_STEP][PASSED] - verifyEqual(actualValue, expectedvalue1): Actual object '$29.99' and expected object '$29.99' are equal

2023-05-29 16:48:41 - [MESSAGE][PASSED] - Actual object '$29.99' and expected object '$29.99' are equal

2023-05-29 16:48:41 - [TEST_STEP][PASSED] - verifyNotEqual(actualValue, expectedvalue2): Actual object '$29.99' and expected object 'Total: $32.39' are not equal

2023-05-29 16:48:42 - [MESSAGE][PASSED] - Actual object '$29.99' and expected object 'Total: $32.39' are not equal

2023-05-29 16:48:42 - [TEST_STEP][PASSED] - click(findTestObject("Object Repository/Page_Swag Labs/button_Finish")): Object: 'Object Repository/Page_Swag Labs/button_Finish' is clicked on

2023-05-29 16:48:42 - [MESSAGE][PASSED] - Object: 'Object Repository/Page_Swag Labs/button_Finish' is clicked on

2023-05-29 16:48:42 - [TEST_STEP][PASSED] - verifyElementText(findTestObject("Object Repository/Page_Swag Labs/h2_Thank you for your order"), "Thank you for your order!"): Actual text and expected text of test object 'Object Repository/Page_Swag Labs/h2_Thank you for your order' are matched.

2023-05-29 16:48:43 - [MESSAGE][PASSED] - Actual text and expected text of test object 'Object Repository/Page_Swag Labs/h2_Thank you for your order' are matched.

2023-05-29 16:48:43 - [TEST_STEP][PASSED] - closeBrowser(): Browser is closed

2023-05-29 16:48:44 - [MESSAGE][PASSED] - Browser is closed

2023-05-29 16:48:46 - [TEST_STEP][PASSED] - Video: Video recording for test case 'Test Cases/check_out' .

2023-05-29 16:48:46 - [MESSAGE][INFO] - Video recording for test case 'Test Cases/check_out' .]]></system-out>
         <system-err><![CDATA[]]></system-err>
      </testcase>
      <system-out><![CDATA[2023-05-29 16:48:22 - [TEST_SUITE][PASSED] - check_out_run: Test Cases/check_out]]></system-out>
      <system-err><![CDATA[]]></system-err>
   </testsuite>
</testsuites>
